starting build

**********************************************************************

Test build
build xv6 using make

**********************************************************************
Trying to build project using make
make
make: Nothing to be done for `all'.


test build PASSED
 (build xv6 using make)

starting null

**********************************************************************

Test null
null pointer dereference should kill process

**********************************************************************
Running xv6 user progam /u/c/s/cs537-1/ta/tests/3b/ctests/null.c
Trying to build project using make
make
gcc  -I include -nostdinc -Wall -Werror -ggdb -fno-pic -fno-builtin -fno-strict-aliasing -fno-stack-protector -m32 \
		-M -MG user/tester.c -MF user/tester.d -MT user/tester.d -MT user/tester.o
gcc  -I include -nostdinc -Wall -Werror -ggdb -fno-pic -fno-builtin -fno-strict-aliasing -fno-stack-protector -m32 -c -o user/tester.o user/tester.c
ld  -m    elf_i386 -nostdlib --omagic --entry=main --section-start=.text=0x1000 --output=user/bin/tester user/tester.o user/ulib.o user/usys.o user/printf.o user/umalloc.o
cp user/bin/tester fs/tester
./tools/mkfs fs.img fs
used 29 (bit 1 ninode 26) free 29 total 1024
usertests
tester
forktest
README
kill
cat
sh
mkdir
grep
ls
rm
stressfs
wc
ln
init
echo
zombie
balloc: first 448 blocks have been allocated
balloc: write bitmap block at sector 28
rm user/bin/tester
make qemu-nox 
Ctrl+a h for help
/u/c/s/cs537-2/ta/tools/qemu -nographic -hdb fs.img xv6.img -smp 2
Could not open option rom 'sgabios.bin': No such file or directory
xv6...
lapicinit: 1 0xfee00000
cpu1: starting
cpu0: starting
init: starting sh
$ tester
tester
null dereference: pid 4 tester: trap 14 err 4 on cpu 1 eip 0x1062 addr 0x0--kill proc
TEST PASSED
$ 

test null PASSED (10 of 10)
 (null pointer dereference should kill process)

starting null2

**********************************************************************

Test null2
any dereference from first page should fault

**********************************************************************
Running xv6 user progam /u/c/s/cs537-1/ta/tests/3b/ctests/null2.c
Trying to build project using make
make
gcc  -I include -nostdinc -Wall -Werror -ggdb -fno-pic -fno-builtin -fno-strict-aliasing -fno-stack-protector -m32 \
		-M -MG user/tester.c -MF user/tester.d -MT user/tester.d -MT user/tester.o
gcc  -I include -nostdinc -Wall -Werror -ggdb -fno-pic -fno-builtin -fno-strict-aliasing -fno-stack-protector -m32 -c -o user/tester.o user/tester.c
ld  -m    elf_i386 -nostdlib --omagic --entry=main --section-start=.text=0x1000 --output=user/bin/tester user/tester.o user/ulib.o user/usys.o user/printf.o user/umalloc.o
cp user/bin/tester fs/tester
./tools/mkfs fs.img fs
used 29 (bit 1 ninode 26) free 29 total 1024
usertests
tester
forktest
README
kill
cat
sh
mkdir
grep
ls
rm
stressfs
wc
ln
init
echo
zombie
balloc: first 448 blocks have been allocated
balloc: write bitmap block at sector 28
rm user/bin/tester
make qemu-nox 
Ctrl+a h for help
/u/c/s/cs537-2/ta/tools/qemu -nographic -hdb fs.img xv6.img -smp 2
Could not open option rom 'sgabios.bin': No such file or directory
xv6...
lapicinit: 1 0xfee00000
cpu1: starting
cpu0: starting
init: starting sh
$ tester
tester
bad dereference (0x0fff): pid 4 tester: trap 14 err 4 on cpu 1 eip 0x1062 addr 0xfff--kill proc
TEST PASSED


test null2 PASSED (10 of 10)
 (any dereference from first page should fault)

starting bounds

**********************************************************************

Test bounds
syscall argument checks (null page). ***NOTE*** only write system call is tested here; when grading, we may change the test to any other system call that may take a NULL pointer.

**********************************************************************
Running xv6 user progam /u/c/s/cs537-1/ta/tests/3b/ctests/bounds.c
Trying to build project using make
make
gcc  -I include -nostdinc -Wall -Werror -ggdb -fno-pic -fno-builtin -fno-strict-aliasing -fno-stack-protector -m32 \
		-M -MG user/tester.c -MF user/tester.d -MT user/tester.d -MT user/tester.o
gcc  -I include -nostdinc -Wall -Werror -ggdb -fno-pic -fno-builtin -fno-strict-aliasing -fno-stack-protector -m32 -c -o user/tester.o user/tester.c
ld  -m    elf_i386 -nostdlib --omagic --entry=main --section-start=.text=0x1000 --output=user/bin/tester user/tester.o user/ulib.o user/usys.o user/printf.o user/umalloc.o
cp user/bin/tester fs/tester
./tools/mkfs fs.img fs
used 29 (bit 1 ninode 26) free 29 total 1024
usertests
tester
forktest
README
kill
cat
sh
mkdir
grep
ls
rm
stressfs
wc
ln
init
echo
zombie
balloc: first 448 blocks have been allocated
balloc: write bitmap block at sector 28
rm user/bin/tester
make qemu-nox 
Ctrl+a h for help
/u/c/s/cs537-2/ta/tools/qemu -nographic -hdb fs.img xv6.img -smp 2
Could not open option rom 'sgabios.bin': No such file or directory
xv6...
lapicinit: 1 0xfee00000
cpu1: starting
cpu0: starting
init: starting sh
$ tester
tester
unexpected trap 14 from cpu 1 eip 1049c1 (cr2=0x0)
cpu1: panic: trap
 

test bounds FAILED (0 of 10)
 (syscall argument checks (null page). ***NOTE*** only write system call is tested here; when grading, we may change the test to any other system call that may take a NULL pointer.)
 xv6 kernel panic

starting shmem_access_invalid_input

**********************************************************************

Test shmem_access_invalid_input
shmem_access invalid input test

**********************************************************************
Running xv6 user progam /u/c/s/cs537-1/ta/tests/3b/ctests/shmem_access_invalid_input.c
Trying to build project using make
make
gcc  -I include -nostdinc -Wall -Werror -ggdb -fno-pic -fno-builtin -fno-strict-aliasing -fno-stack-protector -m32 \
		-M -MG user/tester.c -MF user/tester.d -MT user/tester.d -MT user/tester.o
gcc  -I include -nostdinc -Wall -Werror -ggdb -fno-pic -fno-builtin -fno-strict-aliasing -fno-stack-protector -m32 -c -o user/tester.o user/tester.c
user/tester.c: In function ‘main’:
user/tester.c:24:2: error: implicit declaration of function ‘shmem_access’ [-Werror=implicit-function-declaration]
user/tester.c:24:6: error: assignment makes pointer from integer without a cast [-Werror]
user/tester.c:29:6: error: assignment makes pointer from integer without a cast [-Werror]
user/tester.c:34:6: error: assignment makes pointer from integer without a cast [-Werror]
user/tester.c:39:6: error: assignment makes pointer from integer without a cast [-Werror]
cc1: all warnings being treated as errors
make: *** [user/tester.o] Error 1


test shmem_access_invalid_input FAILED (0 of 10)
 (shmem_access invalid input test)
 make failed (error 2)

starting shmem_access_return_value

**********************************************************************

Test shmem_access_return_value
shmem_access return value needs to be one of 4 pages of virtual address space; first access needs to return last virtual page, second access needs to return second to last virtual page, etc.

**********************************************************************
Running xv6 user progam /u/c/s/cs537-1/ta/tests/3b/ctests/shmem_access_return_value.c
Trying to build project using make
make
gcc  -I include -nostdinc -Wall -Werror -ggdb -fno-pic -fno-builtin -fno-strict-aliasing -fno-stack-protector -m32 \
		-M -MG user/tester.c -MF user/tester.d -MT user/tester.d -MT user/tester.o
gcc  -I include -nostdinc -Wall -Werror -ggdb -fno-pic -fno-builtin -fno-strict-aliasing -fno-stack-protector -m32 -c -o user/tester.o user/tester.c
user/tester.c: In function ‘main’:
user/tester.c:27:2: error: implicit declaration of function ‘shmem_access’ [-Werror=implicit-function-declaration]
user/tester.c:27:6: error: assignment makes pointer from integer without a cast [-Werror]
user/tester.c:36:6: error: assignment makes pointer from integer without a cast [-Werror]
user/tester.c:45:6: error: assignment makes pointer from integer without a cast [-Werror]
user/tester.c:54:6: error: assignment makes pointer from integer without a cast [-Werror]
cc1: all warnings being treated as errors
make: *** [user/tester.o] Error 1


test shmem_access_return_value FAILED (0 of 10)
 (shmem_access return value needs to be one of 4 pages of virtual address space; first access needs to return last virtual page, second access needs to return second to last virtual page, etc.)
 make failed (error 2)

starting shmem_access_double_call

**********************************************************************

Test shmem_access_double_call
shmem_access called twice with same page number, making sure same physical page is not mapped into 2 different places in virtual address space

**********************************************************************
Running xv6 user progam /u/c/s/cs537-1/ta/tests/3b/ctests/shmem_access_double_call.c
Trying to build project using make
make
gcc  -I include -nostdinc -Wall -Werror -ggdb -fno-pic -fno-builtin -fno-strict-aliasing -fno-stack-protector -m32 \
		-M -MG user/tester.c -MF user/tester.d -MT user/tester.d -MT user/tester.o
gcc  -I include -nostdinc -Wall -Werror -ggdb -fno-pic -fno-builtin -fno-strict-aliasing -fno-stack-protector -m32 -c -o user/tester.o user/tester.c
user/tester.c: In function ‘main’:
user/tester.c:25:2: error: implicit declaration of function ‘shmem_access’ [-Werror=implicit-function-declaration]
user/tester.c:25:6: error: assignment makes pointer from integer without a cast [-Werror]
user/tester.c:30:7: error: assignment makes pointer from integer without a cast [-Werror]
cc1: all warnings being treated as errors
make: *** [user/tester.o] Error 1


test shmem_access_double_call FAILED (0 of 10)
 (shmem_access called twice with same page number, making sure same physical page is not mapped into 2 different places in virtual address space)
 make failed (error 2)

starting shmem_access_double_call_fork

**********************************************************************

Test shmem_access_double_call_fork
shmem_access called once in parent process. It is then called again after fork in child process. The address received should be the same address the parent process received.

**********************************************************************
Running xv6 user progam /u/c/s/cs537-1/ta/tests/3b/ctests/shmem_access_double_call_fork.c
Trying to build project using make
make
gcc  -I include -nostdinc -Wall -Werror -ggdb -fno-pic -fno-builtin -fno-strict-aliasing -fno-stack-protector -m32 \
		-M -MG user/tester.c -MF user/tester.d -MT user/tester.d -MT user/tester.o
gcc  -I include -nostdinc -Wall -Werror -ggdb -fno-pic -fno-builtin -fno-strict-aliasing -fno-stack-protector -m32 -c -o user/tester.o user/tester.c
user/tester.c: In function ‘main’:
user/tester.c:24:2: error: implicit declaration of function ‘shmem_access’ [-Werror=implicit-function-declaration]
user/tester.c:24:6: error: assignment makes pointer from integer without a cast [-Werror]
user/tester.c:36:8: error: assignment makes pointer from integer without a cast [-Werror]
cc1: all warnings being treated as errors
make: *** [user/tester.o] Error 1


test shmem_access_double_call_fork FAILED (0 of 10)
 (shmem_access called once in parent process. It is then called again after fork in child process. The address received should be the same address the parent process received.)
 make failed (error 2)

starting shmem_access_read_write

**********************************************************************

Test shmem_access_read_write
making sure shared pages are readable and writable

**********************************************************************
Running xv6 user progam /u/c/s/cs537-1/ta/tests/3b/ctests/shmem_access_read_write.c
Trying to build project using make
make
gcc  -I include -nostdinc -Wall -Werror -ggdb -fno-pic -fno-builtin -fno-strict-aliasing -fno-stack-protector -m32 \
		-M -MG user/tester.c -MF user/tester.d -MT user/tester.d -MT user/tester.o
gcc  -I include -nostdinc -Wall -Werror -ggdb -fno-pic -fno-builtin -fno-strict-aliasing -fno-stack-protector -m32 -c -o user/tester.o user/tester.c
user/tester.c: In function ‘main’:
user/tester.c:26:3: error: implicit declaration of function ‘shmem_access’ [-Werror=implicit-function-declaration]
user/tester.c:26:7: error: assignment makes pointer from integer without a cast [-Werror]
cc1: all warnings being treated as errors
make: *** [user/tester.o] Error 1


test shmem_access_read_write FAILED (0 of 10)
 (making sure shared pages are readable and writable)
 make failed (error 2)

starting shmem_access_communication

**********************************************************************

Test shmem_access_communication
one process writing something and the other process reading it.

**********************************************************************
Running xv6 user progam /u/c/s/cs537-1/ta/tests/3b/ctests/shmem_access_communication.c
Trying to build project using make
make
gcc  -I include -nostdinc -Wall -Werror -ggdb -fno-pic -fno-builtin -fno-strict-aliasing -fno-stack-protector -m32 \
		-M -MG user/tester.c -MF user/tester.d -MT user/tester.d -MT user/tester.o
gcc  -I include -nostdinc -Wall -Werror -ggdb -fno-pic -fno-builtin -fno-strict-aliasing -fno-stack-protector -m32 -c -o user/tester.o user/tester.c
user/tester.c: In function ‘main’:
user/tester.c:26:2: error: implicit declaration of function ‘shmem_access’ [-Werror=implicit-function-declaration]
user/tester.c:26:6: error: assignment makes pointer from integer without a cast [-Werror]
cc1: all warnings being treated as errors
make: *** [user/tester.o] Error 1


test shmem_access_communication FAILED (0 of 10)
 (one process writing something and the other process reading it.)
 make failed (error 2)

starting shmem_access_full_address_space

**********************************************************************

Test shmem_access_full_address_space
shmem_access should failed if the entire address space is full.

**********************************************************************
Running xv6 user progam /u/c/s/cs537-1/ta/tests/3b/ctests/shmem_access_full_address_space.c
Trying to build project using make
make
gcc  -I include -nostdinc -Wall -Werror -ggdb -fno-pic -fno-builtin -fno-strict-aliasing -fno-stack-protector -m32 \
		-M -MG user/tester.c -MF user/tester.d -MT user/tester.d -MT user/tester.o
gcc  -I include -nostdinc -Wall -Werror -ggdb -fno-pic -fno-builtin -fno-strict-aliasing -fno-stack-protector -m32 -c -o user/tester.o user/tester.c
user/tester.c: In function ‘main’:
user/tester.c:31:2: error: implicit declaration of function ‘shmem_access’ [-Werror=implicit-function-declaration]
user/tester.c:31:6: error: assignment makes pointer from integer without a cast [-Werror]
cc1: all warnings being treated as errors
make: *** [user/tester.o] Error 1


test shmem_access_full_address_space FAILED (0 of 10)
 (shmem_access should failed if the entire address space is full.)
 make failed (error 2)

starting shmem_access_full_address_space2

**********************************************************************

Test shmem_access_full_address_space2
sbrk should not allocate and go past a shared memory.

**********************************************************************
Running xv6 user progam /u/c/s/cs537-1/ta/tests/3b/ctests/shmem_access_full_address_space2.c
Trying to build project using make
make
gcc  -I include -nostdinc -Wall -Werror -ggdb -fno-pic -fno-builtin -fno-strict-aliasing -fno-stack-protector -m32 \
		-M -MG user/tester.c -MF user/tester.d -MT user/tester.d -MT user/tester.o
gcc  -I include -nostdinc -Wall -Werror -ggdb -fno-pic -fno-builtin -fno-strict-aliasing -fno-stack-protector -m32 -c -o user/tester.o user/tester.c
user/tester.c: In function ‘main’:
user/tester.c:23:3: error: implicit declaration of function ‘shmem_access’ [-Werror=implicit-function-declaration]
user/tester.c:23:7: error: assignment makes pointer from integer without a cast [-Werror]
cc1: all warnings being treated as errors
make: *** [user/tester.o] Error 1


test shmem_access_full_address_space2 FAILED (0 of 10)
 (sbrk should not allocate and go past a shared memory.)
 make failed (error 2)

starting shmem_access_persistent

**********************************************************************

Test shmem_access_persistent
making sure shared pages are not deallocated when no one references them.

**********************************************************************
Running xv6 user progam /u/c/s/cs537-1/ta/tests/3b/ctests/shmem_access_persistent.c
Trying to build project using make
make
gcc  -I include -nostdinc -Wall -Werror -ggdb -fno-pic -fno-builtin -fno-strict-aliasing -fno-stack-protector -m32 \
		-M -MG user/tester.c -MF user/tester.d -MT user/tester.d -MT user/tester.o
gcc  -I include -nostdinc -Wall -Werror -ggdb -fno-pic -fno-builtin -fno-strict-aliasing -fno-stack-protector -m32 -c -o user/tester.o user/tester.c
user/tester.c: In function ‘main’:
user/tester.c:32:3: error: implicit declaration of function ‘shmem_access’ [-Werror=implicit-function-declaration]
user/tester.c:32:7: error: assignment makes pointer from integer without a cast [-Werror]
user/tester.c:46:7: error: assignment makes pointer from integer without a cast [-Werror]
cc1: all warnings being treated as errors
make: *** [user/tester.o] Error 1


test shmem_access_persistent FAILED (0 of 10)
 (making sure shared pages are not deallocated when no one references them.)
 make failed (error 2)

starting shmem_access_exec

**********************************************************************

Test shmem_access_exec
a new exec-ed program should not have access to shared pages when it begins.

**********************************************************************
Running xv6 user progam /u/c/s/cs537-1/ta/tests/3b/ctests/shmem_access_exec.c
overwritting tester_helper with /u/c/s/cs537-1/ta/tests/3b/ctests/shmem_access_exec_helper.c
Trying to build project using make
make
gcc  -I include -nostdinc -Wall -Werror -ggdb -fno-pic -fno-builtin -fno-strict-aliasing -fno-stack-protector -m32 \
		-M -MG user/tester.c -MF user/tester.d -MT user/tester.d -MT user/tester.o
gcc  -I include -nostdinc -Wall -Werror -ggdb -fno-pic -fno-builtin -fno-strict-aliasing -fno-stack-protector -m32 \
		-M -MG user/echo.c -MF user/echo.d -MT user/echo.d -MT user/echo.o
gcc  -I include -nostdinc -Wall -Werror -ggdb -fno-pic -fno-builtin -fno-strict-aliasing -fno-stack-protector -m32 -c -o user/echo.o user/echo.c
ld  -m    elf_i386 -nostdlib --omagic --entry=main --section-start=.text=0x1000 --output=user/bin/echo user/echo.o user/ulib.o user/usys.o user/printf.o user/umalloc.o
cp user/bin/echo fs/echo
gcc  -I include -nostdinc -Wall -Werror -ggdb -fno-pic -fno-builtin -fno-strict-aliasing -fno-stack-protector -m32 -c -o user/tester.o user/tester.c
user/tester.c: In function ‘main’:
user/tester.c:28:3: error: implicit declaration of function ‘shmem_access’ [-Werror=implicit-function-declaration]
user/tester.c:28:7: error: assignment makes pointer from integer without a cast [-Werror]
cc1: all warnings being treated as errors
make: *** [user/tester.o] Error 1
rm user/bin/echo


test shmem_access_exec FAILED (0 of 10)
 (a new exec-ed program should not have access to shared pages when it begins.)
 make failed (error 2)

starting shmem_access_exec2

**********************************************************************

Test shmem_access_exec2
a new exec-ed program should reallocate virtual pages if shmem_access is called.

**********************************************************************
Running xv6 user progam /u/c/s/cs537-1/ta/tests/3b/ctests/shmem_access_exec2.c
overwritting tester_helper with /u/c/s/cs537-1/ta/tests/3b/ctests/shmem_access_exec2_helper.c
Trying to build project using make
make
gcc  -I include -nostdinc -Wall -Werror -ggdb -fno-pic -fno-builtin -fno-strict-aliasing -fno-stack-protector -m32 \
		-M -MG user/tester.c -MF user/tester.d -MT user/tester.d -MT user/tester.o
gcc  -I include -nostdinc -Wall -Werror -ggdb -fno-pic -fno-builtin -fno-strict-aliasing -fno-stack-protector -m32 \
		-M -MG user/echo.c -MF user/echo.d -MT user/echo.d -MT user/echo.o
gcc  -I include -nostdinc -Wall -Werror -ggdb -fno-pic -fno-builtin -fno-strict-aliasing -fno-stack-protector -m32 -c -o user/echo.o user/echo.c
user/echo.c: In function ‘main’:
user/echo.c:26:5: error: implicit declaration of function ‘shmem_access’ [-Werror=implicit-function-declaration]
user/echo.c:26:9: error: assignment makes pointer from integer without a cast [-Werror]
cc1: all warnings being treated as errors
make: *** [user/echo.o] Error 1


test shmem_access_exec2 FAILED (0 of 10)
 (a new exec-ed program should reallocate virtual pages if shmem_access is called.)
 make failed (error 2)

starting shmem_access_syscall_args

**********************************************************************

Test shmem_access_syscall_args
making sure pointers from shared pages can be successfully passed to system calls. ***NOTE*** only open and write system calls are tested here; when grading, we may change the test to any other system call that may take pointers.

**********************************************************************
Running xv6 user progam /u/c/s/cs537-1/ta/tests/3b/ctests/shmem_access_syscall_args.c
Trying to build project using make
make
gcc  -I include -nostdinc -Wall -Werror -ggdb -fno-pic -fno-builtin -fno-strict-aliasing -fno-stack-protector -m32 \
		-M -MG user/tester.c -MF user/tester.d -MT user/tester.d -MT user/tester.o
gcc  -I include -nostdinc -Wall -Werror -ggdb -fno-pic -fno-builtin -fno-strict-aliasing -fno-stack-protector -m32 -c -o user/echo.o user/echo.c
user/echo.c: In function ‘main’:
user/echo.c:26:5: error: implicit declaration of function ‘shmem_access’ [-Werror=implicit-function-declaration]
user/echo.c:26:9: error: assignment makes pointer from integer without a cast [-Werror]
cc1: all warnings being treated as errors
make: *** [user/echo.o] Error 1


test shmem_access_syscall_args FAILED (0 of 10)
 (making sure pointers from shared pages can be successfully passed to system calls. ***NOTE*** only open and write system calls are tested here; when grading, we may change the test to any other system call that may take pointers.)
 make failed (error 2)

starting shmem_count_invalid_input

**********************************************************************

Test shmem_count_invalid_input
shmem_count invalid input test

**********************************************************************
Running xv6 user progam /u/c/s/cs537-1/ta/tests/3b/ctests/shmem_count_invalid_input.c
Trying to build project using make
make
gcc  -I include -nostdinc -Wall -Werror -ggdb -fno-pic -fno-builtin -fno-strict-aliasing -fno-stack-protector -m32 \
		-M -MG user/tester.c -MF user/tester.d -MT user/tester.d -MT user/tester.o
gcc  -I include -nostdinc -Wall -Werror -ggdb -fno-pic -fno-builtin -fno-strict-aliasing -fno-stack-protector -m32 -c -o user/echo.o user/echo.c
user/echo.c: In function ‘main’:
user/echo.c:26:5: error: implicit declaration of function ‘shmem_access’ [-Werror=implicit-function-declaration]
user/echo.c:26:9: error: assignment makes pointer from integer without a cast [-Werror]
cc1: all warnings being treated as errors
make: *** [user/echo.o] Error 1


test shmem_count_invalid_input FAILED (0 of 10)
 (shmem_count invalid input test)
 make failed (error 2)

starting shmem_count_zero

**********************************************************************

Test shmem_count_zero
shmem_count should return 0 if no one is referencing the page.

**********************************************************************
Running xv6 user progam /u/c/s/cs537-1/ta/tests/3b/ctests/shmem_count_zero.c
Trying to build project using make
make
gcc  -I include -nostdinc -Wall -Werror -ggdb -fno-pic -fno-builtin -fno-strict-aliasing -fno-stack-protector -m32 \
		-M -MG user/tester.c -MF user/tester.d -MT user/tester.d -MT user/tester.o
gcc  -I include -nostdinc -Wall -Werror -ggdb -fno-pic -fno-builtin -fno-strict-aliasing -fno-stack-protector -m32 -c -o user/echo.o user/echo.c
user/echo.c: In function ‘main’:
user/echo.c:26:5: error: implicit declaration of function ‘shmem_access’ [-Werror=implicit-function-declaration]
user/echo.c:26:9: error: assignment makes pointer from integer without a cast [-Werror]
cc1: all warnings being treated as errors
make: *** [user/echo.o] Error 1


test shmem_count_zero FAILED (0 of 10)
 (shmem_count should return 0 if no one is referencing the page.)
 make failed (error 2)

starting shmem_count_zero2

**********************************************************************

Test shmem_count_zero2
shmem_count should return 0 after child process accesses and exits.

**********************************************************************
Running xv6 user progam /u/c/s/cs537-1/ta/tests/3b/ctests/shmem_count_zero2.c
Trying to build project using make
make
gcc  -I include -nostdinc -Wall -Werror -ggdb -fno-pic -fno-builtin -fno-strict-aliasing -fno-stack-protector -m32 \
		-M -MG user/tester.c -MF user/tester.d -MT user/tester.d -MT user/tester.o
gcc  -I include -nostdinc -Wall -Werror -ggdb -fno-pic -fno-builtin -fno-strict-aliasing -fno-stack-protector -m32 -c -o user/echo.o user/echo.c
user/echo.c: In function ‘main’:
user/echo.c:26:5: error: implicit declaration of function ‘shmem_access’ [-Werror=implicit-function-declaration]
user/echo.c:26:9: error: assignment makes pointer from integer without a cast [-Werror]
cc1: all warnings being treated as errors
make: *** [user/echo.o] Error 1


test shmem_count_zero2 FAILED (0 of 10)
 (shmem_count should return 0 after child process accesses and exits.)
 make failed (error 2)

starting shmem_count_one

**********************************************************************

Test shmem_count_one
shmem_count should return 1 after 1 access.

**********************************************************************
Running xv6 user progam /u/c/s/cs537-1/ta/tests/3b/ctests/shmem_count_one.c
Trying to build project using make
make
gcc  -I include -nostdinc -Wall -Werror -ggdb -fno-pic -fno-builtin -fno-strict-aliasing -fno-stack-protector -m32 \
		-M -MG user/tester.c -MF user/tester.d -MT user/tester.d -MT user/tester.o
gcc  -I include -nostdinc -Wall -Werror -ggdb -fno-pic -fno-builtin -fno-strict-aliasing -fno-stack-protector -m32 -c -o user/echo.o user/echo.c
user/echo.c: In function ‘main’:
user/echo.c:26:5: error: implicit declaration of function ‘shmem_access’ [-Werror=implicit-function-declaration]
user/echo.c:26:9: error: assignment makes pointer from integer without a cast [-Werror]
cc1: all warnings being treated as errors
make: *** [user/echo.o] Error 1


test shmem_count_one FAILED (0 of 10)
 (shmem_count should return 1 after 1 access.)
 make failed (error 2)

starting shmem_count_one2

**********************************************************************

Test shmem_count_one2
shmem_count should return 1 after 2 accesses to the same page.

**********************************************************************
Running xv6 user progam /u/c/s/cs537-1/ta/tests/3b/ctests/shmem_count_one2.c
Trying to build project using make
make
gcc  -I include -nostdinc -Wall -Werror -ggdb -fno-pic -fno-builtin -fno-strict-aliasing -fno-stack-protector -m32 \
		-M -MG user/tester.c -MF user/tester.d -MT user/tester.d -MT user/tester.o
gcc  -I include -nostdinc -Wall -Werror -ggdb -fno-pic -fno-builtin -fno-strict-aliasing -fno-stack-protector -m32 -c -o user/echo.o user/echo.c
user/echo.c: In function ‘main’:
user/echo.c:26:5: error: implicit declaration of function ‘shmem_access’ [-Werror=implicit-function-declaration]
user/echo.c:26:9: error: assignment makes pointer from integer without a cast [-Werror]
cc1: all warnings being treated as errors
make: *** [user/echo.o] Error 1


test shmem_count_one2 FAILED (0 of 10)
 (shmem_count should return 1 after 2 accesses to the same page.)
 make failed (error 2)

starting shmem_count_fork

**********************************************************************

Test shmem_count_fork
shmem_count should return 2 after fork if the parent process has accessed a shared page.

**********************************************************************
Running xv6 user progam /u/c/s/cs537-1/ta/tests/3b/ctests/shmem_count_fork.c
Trying to build project using make
make
gcc  -I include -nostdinc -Wall -Werror -ggdb -fno-pic -fno-builtin -fno-strict-aliasing -fno-stack-protector -m32 \
		-M -MG user/tester.c -MF user/tester.d -MT user/tester.d -MT user/tester.o
gcc  -I include -nostdinc -Wall -Werror -ggdb -fno-pic -fno-builtin -fno-strict-aliasing -fno-stack-protector -m32 -c -o user/echo.o user/echo.c
user/echo.c: In function ‘main’:
user/echo.c:26:5: error: implicit declaration of function ‘shmem_access’ [-Werror=implicit-function-declaration]
user/echo.c:26:9: error: assignment makes pointer from integer without a cast [-Werror]
cc1: all warnings being treated as errors
make: *** [user/echo.o] Error 1


test shmem_count_fork FAILED (0 of 10)
 (shmem_count should return 2 after fork if the parent process has accessed a shared page.)
 make failed (error 2)

starting shmem_count_exec

**********************************************************************

Test shmem_count_exec
Exec should decrement count for shared pages. Parent accesses a shared page, then it forks. Child performs exec to start a new program. In the new program, the count for the shared page should be 1.

**********************************************************************
Running xv6 user progam /u/c/s/cs537-1/ta/tests/3b/ctests/shmem_count_exec.c
overwritting tester_helper with /u/c/s/cs537-1/ta/tests/3b/ctests/shmem_count_exec_helper.c
Trying to build project using make
make
gcc  -I include -nostdinc -Wall -Werror -ggdb -fno-pic -fno-builtin -fno-strict-aliasing -fno-stack-protector -m32 \
		-M -MG user/tester.c -MF user/tester.d -MT user/tester.d -MT user/tester.o
gcc  -I include -nostdinc -Wall -Werror -ggdb -fno-pic -fno-builtin -fno-strict-aliasing -fno-stack-protector -m32 \
		-M -MG user/echo.c -MF user/echo.d -MT user/echo.d -MT user/echo.o
gcc  -I include -nostdinc -Wall -Werror -ggdb -fno-pic -fno-builtin -fno-strict-aliasing -fno-stack-protector -m32 -c -o user/echo.o user/echo.c
user/echo.c: In function ‘main’:
user/echo.c:26:5: error: implicit declaration of function ‘shmem_count’ [-Werror=implicit-function-declaration]
cc1: all warnings being treated as errors
make: *** [user/echo.o] Error 1


test shmem_count_exec FAILED (0 of 10)
 (Exec should decrement count for shared pages. Parent accesses a shared page, then it forks. Child performs exec to start a new program. In the new program, the count for the shared page should be 1.)
 make failed (error 2)

**********************************************************************
Summary:
test build PASSED
 (build xv6 using make)

test null PASSED (10 of 10)
 (null pointer dereference should kill process)

test null2 PASSED (10 of 10)
 (any dereference from first page should fault)

test bounds FAILED (0 of 10)
 (syscall argument checks (null page). ***NOTE*** only write system call is tested here; when grading, we may change the test to any other system call that may take a NULL pointer.)
 xv6 kernel panic

test shmem_access_invalid_input FAILED (0 of 10)
 (shmem_access invalid input test)
 make failed (error 2)

test shmem_access_return_value FAILED (0 of 10)
 (shmem_access return value needs to be one of 4 pages of virtual address space; first access needs to return last virtual page, second access needs to return second to last virtual page, etc.)
 make failed (error 2)

test shmem_access_double_call FAILED (0 of 10)
 (shmem_access called twice with same page number, making sure same physical page is not mapped into 2 different places in virtual address space)
 make failed (error 2)

test shmem_access_double_call_fork FAILED (0 of 10)
 (shmem_access called once in parent process. It is then called again after fork in child process. The address received should be the same address the parent process received.)
 make failed (error 2)

test shmem_access_read_write FAILED (0 of 10)
 (making sure shared pages are readable and writable)
 make failed (error 2)

test shmem_access_communication FAILED (0 of 10)
 (one process writing something and the other process reading it.)
 make failed (error 2)

test shmem_access_full_address_space FAILED (0 of 10)
 (shmem_access should failed if the entire address space is full.)
 make failed (error 2)

test shmem_access_full_address_space2 FAILED (0 of 10)
 (sbrk should not allocate and go past a shared memory.)
 make failed (error 2)

test shmem_access_persistent FAILED (0 of 10)
 (making sure shared pages are not deallocated when no one references them.)
 make failed (error 2)

test shmem_access_exec FAILED (0 of 10)
 (a new exec-ed program should not have access to shared pages when it begins.)
 make failed (error 2)

test shmem_access_exec2 FAILED (0 of 10)
 (a new exec-ed program should reallocate virtual pages if shmem_access is called.)
 make failed (error 2)

test shmem_access_syscall_args FAILED (0 of 10)
 (making sure pointers from shared pages can be successfully passed to system calls. ***NOTE*** only open and write system calls are tested here; when grading, we may change the test to any other system call that may take pointers.)
 make failed (error 2)

test shmem_count_invalid_input FAILED (0 of 10)
 (shmem_count invalid input test)
 make failed (error 2)

test shmem_count_zero FAILED (0 of 10)
 (shmem_count should return 0 if no one is referencing the page.)
 make failed (error 2)

test shmem_count_zero2 FAILED (0 of 10)
 (shmem_count should return 0 after child process accesses and exits.)
 make failed (error 2)

test shmem_count_one FAILED (0 of 10)
 (shmem_count should return 1 after 1 access.)
 make failed (error 2)

test shmem_count_one2 FAILED (0 of 10)
 (shmem_count should return 1 after 2 accesses to the same page.)
 make failed (error 2)

test shmem_count_fork FAILED (0 of 10)
 (shmem_count should return 2 after fork if the parent process has accessed a shared page.)
 make failed (error 2)

test shmem_count_exec FAILED (0 of 10)
 (Exec should decrement count for shared pages. Parent accesses a shared page, then it forks. Child performs exec to start a new program. In the new program, the count for the shared page should be 1.)
 make failed (error 2)

Passed 3 of 23 tests.
Overall 3 of 23
Points 20 of 220
